(node:21588) [DEP0123] DeprecationWarning: Setting the TLS ServerName to an IP address is not permitted by RFC 6066. This will be ignored in a future version.
(Use `node --trace-deprecation ...` to show where the warning was created)
(node:7456) [DEP0123] DeprecationWarning: Setting the TLS ServerName to an IP address is not permitted by RFC 6066. This will be ignored in a future version.
(Use `node --trace-deprecation ...` to show where the warning was created)
D:\SolucionesOP\FacturacionOP\Fuentes\rest-facturacion\node_modules\sequelize\lib\dialects\mssql\connection-manager.js:112
          throw new sequelizeErrors.ConnectionError(error);
                ^

ConnectionError [SequelizeConnectionError]: Failed to connect to 192.168.1.8:1433 - Could not connect (sequence)
    at ConnectionManager.connect (D:\SolucionesOP\FacturacionOP\Fuentes\rest-facturacion\node_modules\sequelize\lib\dialects\mssql\connection-manager.js:112:17)
    at processTicksAndRejections (node:internal/process/task_queues:96:5)
    at async ConnectionManager._connect (D:\SolucionesOP\FacturacionOP\Fuentes\rest-facturacion\node_modules\sequelize\lib\dialects\abstract\connection-manager.js:220:24)
    at async D:\SolucionesOP\FacturacionOP\Fuentes\rest-facturacion\node_modules\sequelize\lib\dialects\abstract\connection-manager.js:174:32 {
  parent: ConnectionError: Failed to connect to 192.168.1.8:1433 - Could not connect (sequence)
      at Connection.socketError (D:\SolucionesOP\FacturacionOP\Fuentes\rest-facturacion\node_modules\tedious\lib\connection.js:1395:28)
      at D:\SolucionesOP\FacturacionOP\Fuentes\rest-facturacion\node_modules\tedious\lib\connection.js:1176:14
      at processTicksAndRejections (node:internal/process/task_queues:78:11) {
    code: 'ESOCKET',
    isTransient: undefined
  },
  original: ConnectionError: Failed to connect to 192.168.1.8:1433 - Could not connect (sequence)
      at Connection.socketError (D:\SolucionesOP\FacturacionOP\Fuentes\rest-facturacion\node_modules\tedious\lib\connection.js:1395:28)
      at D:\SolucionesOP\FacturacionOP\Fuentes\rest-facturacion\node_modules\tedious\lib\connection.js:1176:14
      at processTicksAndRejections (node:internal/process/task_queues:78:11) {
    code: 'ESOCKET',
    isTransient: undefined
  }
}
D:\SolucionesOP\FacturacionOP\Fuentes\rest-facturacion\node_modules\sequelize\lib\dialects\mssql\connection-manager.js:112
          throw new sequelizeErrors.ConnectionError(error);
                ^

ConnectionError [SequelizeConnectionError]: Failed to connect to 192.168.1.8:1433 - Could not connect (sequence)
    at ConnectionManager.connect (D:\SolucionesOP\FacturacionOP\Fuentes\rest-facturacion\node_modules\sequelize\lib\dialects\mssql\connection-manager.js:112:17)
    at processTicksAndRejections (node:internal/process/task_queues:96:5)
    at async ConnectionManager._connect (D:\SolucionesOP\FacturacionOP\Fuentes\rest-facturacion\node_modules\sequelize\lib\dialects\abstract\connection-manager.js:220:24)
    at async D:\SolucionesOP\FacturacionOP\Fuentes\rest-facturacion\node_modules\sequelize\lib\dialects\abstract\connection-manager.js:174:32 {
  parent: ConnectionError: Failed to connect to 192.168.1.8:1433 - Could not connect (sequence)
      at Connection.socketError (D:\SolucionesOP\FacturacionOP\Fuentes\rest-facturacion\node_modules\tedious\lib\connection.js:1395:28)
      at D:\SolucionesOP\FacturacionOP\Fuentes\rest-facturacion\node_modules\tedious\lib\connection.js:1176:14
      at processTicksAndRejections (node:internal/process/task_queues:78:11) {
    code: 'ESOCKET',
    isTransient: undefined
  },
  original: ConnectionError: Failed to connect to 192.168.1.8:1433 - Could not connect (sequence)
      at Connection.socketError (D:\SolucionesOP\FacturacionOP\Fuentes\rest-facturacion\node_modules\tedious\lib\connection.js:1395:28)
      at D:\SolucionesOP\FacturacionOP\Fuentes\rest-facturacion\node_modules\tedious\lib\connection.js:1176:14
      at processTicksAndRejections (node:internal/process/task_queues:78:11) {
    code: 'ESOCKET',
    isTransient: undefined
  }
}
D:\SolucionesOP\FacturacionOP\Fuentes\rest-facturacion\node_modules\sequelize\lib\dialects\mssql\connection-manager.js:112
          throw new sequelizeErrors.ConnectionError(error);
                ^

ConnectionError [SequelizeConnectionError]: Failed to connect to 192.168.1.8:1433 - Could not connect (sequence)
    at ConnectionManager.connect (D:\SolucionesOP\FacturacionOP\Fuentes\rest-facturacion\node_modules\sequelize\lib\dialects\mssql\connection-manager.js:112:17)
    at processTicksAndRejections (node:internal/process/task_queues:96:5)
    at async ConnectionManager._connect (D:\SolucionesOP\FacturacionOP\Fuentes\rest-facturacion\node_modules\sequelize\lib\dialects\abstract\connection-manager.js:220:24)
    at async D:\SolucionesOP\FacturacionOP\Fuentes\rest-facturacion\node_modules\sequelize\lib\dialects\abstract\connection-manager.js:174:32 {
  parent: ConnectionError: Failed to connect to 192.168.1.8:1433 - Could not connect (sequence)
      at Connection.socketError (D:\SolucionesOP\FacturacionOP\Fuentes\rest-facturacion\node_modules\tedious\lib\connection.js:1395:28)
      at D:\SolucionesOP\FacturacionOP\Fuentes\rest-facturacion\node_modules\tedious\lib\connection.js:1176:14
      at processTicksAndRejections (node:internal/process/task_queues:78:11) {
    code: 'ESOCKET',
    isTransient: undefined
  },
  original: ConnectionError: Failed to connect to 192.168.1.8:1433 - Could not connect (sequence)
      at Connection.socketError (D:\SolucionesOP\FacturacionOP\Fuentes\rest-facturacion\node_modules\tedious\lib\connection.js:1395:28)
      at D:\SolucionesOP\FacturacionOP\Fuentes\rest-facturacion\node_modules\tedious\lib\connection.js:1176:14
      at processTicksAndRejections (node:internal/process/task_queues:78:11) {
    code: 'ESOCKET',
    isTransient: undefined
  }
}
